<?xml version="1.0" encoding="UTF-8"?>
<testsuite xmlns:xsi="http://www.w3.org/2001/XMLSchema-instance" xsi:noNamespaceSchemaLocation="https://maven.apache.org/surefire/maven-surefire-plugin/xsd/surefire-test-report-3.0.xsd" version="3.0" name="mybank.mutualfund.mutualfundmybank.MutualFundMyBankApplicationTests" time="4.798" tests="1" errors="0" skipped="0" failures="0">
  <properties>
[...]
</properties>
  <testcase name="contextLoads" classname="mybank.mutualfund.mutualfundmybank.MutualFundMyBankApplicationTests" time="0.847">
    <system-out><![CDATA[11:37:49.665 [main] INFO org.springframework.test.context.support.AnnotationConfigContextLoaderUtils -- Could not detect default configuration classes for test class [mybank.mutualfund.mutualfundmybank.MutualFundMyBankApplicationTests]: MutualFundMyBankApplicationTests does not declare any static, non-private, non-final, nested classes annotated with @Configuration.
11:37:49.806 [main] INFO org.springframework.boot.test.context.SpringBootTestContextBootstrapper -- Found @SpringBootConfiguration mybank.mutualfund.mutualfundmybank.MutualFundMyBankApplication for test class mybank.mutualfund.mutualfundmybank.MutualFundMyBankApplicationTests
11:37:50.007 [main] INFO org.springframework.boot.devtools.restart.RestartApplicationListener -- Restart disabled due to context in which it is running

  .   ____          _            __ _ _
 /\\ / ___'_ __ _ _(_)_ __  __ _ \ \ \ \
( ( )\___ | '_ | '_| | '_ \/ _` | \ \ \ \
 \\/  ___)| |_)| | | | | || (_| |  ) ) ) )
  '  |____| .__|_| |_|_| |_\__, | / / / /
 =========|_|==============|___/=/_/_/_/

&amp#27;[32m :: Spring Boot :: &amp#27;[39m              &amp#27;[2m (v3.3.3)&amp#27;[0;39m

&amp#27;[34m[INFO]&amp#27;[0;39m &amp#27;[31m2024-10-27 11:37:50,334&amp#27;[0;39m mybank.mutualfund.mutualfundmybank.MutualFundMyBankApplicationTests &amp#27;[33mmain&amp#27;[0;39m &amp#27;[32mStarting MutualFundMyBankApplicationTests using Java 22.0.2 with PID 26056 (started by elroy in C:\Users\elroy\Documents\MutualFund-MyBank)
&amp#27;[0;39m&amp#27;[34m[DEBUG]&amp#27;[0;39m &amp#27;[31m2024-10-27 11:37:50,347&amp#27;[0;39m mybank.mutualfund.mutualfundmybank.MutualFundMyBankApplicationTests &amp#27;[33mmain&amp#27;[0;39m &amp#27;[32mRunning with Spring Boot v3.3.3, Spring v6.1.12
&amp#27;[0;39m&amp#27;[34m[INFO]&amp#27;[0;39m &amp#27;[31m2024-10-27 11:37:50,347&amp#27;[0;39m mybank.mutualfund.mutualfundmybank.MutualFundMyBankApplicationTests &amp#27;[33mmain&amp#27;[0;39m &amp#27;[32mNo active profile set, falling back to 1 default profile: "default"
&amp#27;[0;39m&amp#27;[34m[INFO]&amp#27;[0;39m &amp#27;[31m2024-10-27 11:37:51,114&amp#27;[0;39m org.springframework.data.repository.config.RepositoryConfigurationDelegate &amp#27;[33mmain&amp#27;[0;39m &amp#27;[32mBootstrapping Spring Data JDBC repositories in DEFAULT mode.
&amp#27;[0;39m&amp#27;[34m[INFO]&amp#27;[0;39m &amp#27;[31m2024-10-27 11:37:51,145&amp#27;[0;39m org.springframework.data.repository.config.RepositoryConfigurationDelegate &amp#27;[33mmain&amp#27;[0;39m &amp#27;[32mFinished Spring Data repository scanning in 22 ms. Found 0 JDBC repository interfaces.
&amp#27;[0;39m&amp#27;[34m[WARN]&amp#27;[0;39m &amp#27;[31m2024-10-27 11:37:51,464&amp#27;[0;39m org.springframework.context.support.PostProcessorRegistrationDelegate$BeanPostProcessorChecker &amp#27;[33mmain&amp#27;[0;39m &amp#27;[32mBean 'org.springframework.ws.config.annotation.DelegatingWsConfiguration' of type [org.springframework.ws.config.annotation.DelegatingWsConfiguration$$SpringCGLIB$$0] is not eligible for getting processed by all BeanPostProcessors (for example: not eligible for auto-proxying). The currently created BeanPostProcessor [annotationActionEndpointMapping] is declared through a non-static factory method on that class; consider declaring it as static instead.
&amp#27;[0;39m&amp#27;[34m[INFO]&amp#27;[0;39m &amp#27;[31m2024-10-27 11:37:51,484&amp#27;[0;39m org.springframework.ws.soap.addressing.server.AnnotationActionEndpointMapping &amp#27;[33mmain&amp#27;[0;39m &amp#27;[32mSupporting [WS-Addressing August 2004, WS-Addressing 1.0]
&amp#27;[0;39m&amp#27;[34m[TRACE]&amp#27;[0;39m &amp#27;[31m2024-10-27 11:37:51,886&amp#27;[0;39m org.springframework.security.config.annotation.authentication.configuration.AuthenticationConfiguration$EnableGlobalAuthenticationAutowiredConfigurer &amp#27;[33mmain&amp#27;[0;39m &amp#27;[32mEagerly initializing {org.springframework.boot.autoconfigure.security.servlet.SpringBootWebSecurityConfiguration$WebSecurityEnablerConfiguration=org.springframework.boot.autoconfigure.security.servlet.SpringBootWebSecurityConfiguration$WebSecurityEnablerConfiguration@52ca2652}
&amp#27;[0;39m&amp#27;[34m[INFO]&amp#27;[0;39m &amp#27;[31m2024-10-27 11:37:51,895&amp#27;[0;39m org.springframework.security.config.annotation.authentication.configuration.InitializeUserDetailsBeanManagerConfigurer$InitializeUserDetailsManagerConfigurer &amp#27;[33mmain&amp#27;[0;39m &amp#27;[32mGlobal AuthenticationManager configured with UserDetailsService bean with name customerDbRepo
&amp#27;[0;39m&amp#27;[34m[INFO]&amp#27;[0;39m &amp#27;[31m2024-10-27 11:37:51,988&amp#27;[0;39m org.springframework.boot.autoconfigure.web.servlet.WelcomePageHandlerMapping &amp#27;[33mmain&amp#27;[0;39m &amp#27;[32mAdding welcome page template: index
&amp#27;[0;39m&amp#27;[34m[DEBUG]&amp#27;[0;39m &amp#27;[31m2024-10-27 11:37:52,327&amp#27;[0;39m org.springframework.security.web.DefaultSecurityFilterChain &amp#27;[33mmain&amp#27;[0;39m &amp#27;[32mWill secure any request with filters: DisableEncodeUrlFilter, WebAsyncManagerIntegrationFilter, SecurityContextHolderFilter, HeaderWriterFilter, CorsFilter, LogoutFilter, UsernamePasswordAuthenticationFilter, BasicAuthenticationFilter, RequestCacheAwareFilter, SecurityContextHolderAwareRequestFilter, AnonymousAuthenticationFilter, ExceptionTranslationFilter, AuthorizationFilter
&amp#27;[0;39m&amp#27;[34m[INFO]&amp#27;[0;39m &amp#27;[31m2024-10-27 11:37:52,686&amp#27;[0;39m com.zaxxer.hikari.HikariDataSource &amp#27;[33mmain&amp#27;[0;39m &amp#27;[32mHikariPool-1 - Starting...
&amp#27;[0;39m&amp#27;[34m[WARN]&amp#27;[0;39m &amp#27;[31m2024-10-27 11:37:52,693&amp#27;[0;39m com.zaxxer.hikari.util.DriverDataSource &amp#27;[33mmain&amp#27;[0;39m &amp#27;[32mRegistered driver with driverClassName=oracle.jdbc.driver.OracleDriver was not found, trying direct instantiation.
&amp#27;[0;39m&amp#27;[34m[INFO]&amp#27;[0;39m &amp#27;[31m2024-10-27 11:37:53,141&amp#27;[0;39m com.zaxxer.hikari.pool.HikariPool &amp#27;[33mmain&amp#27;[0;39m &amp#27;[32mHikariPool-1 - Added connection oracle.jdbc.driver.T4CConnection@60a01cb
&amp#27;[0;39m&amp#27;[34m[INFO]&amp#27;[0;39m &amp#27;[31m2024-10-27 11:37:53,143&amp#27;[0;39m com.zaxxer.hikari.HikariDataSource &amp#27;[33mmain&amp#27;[0;39m &amp#27;[32mHikariPool-1 - Start completed.
&amp#27;[0;39m&amp#27;[34m[INFO]&amp#27;[0;39m &amp#27;[31m2024-10-27 11:37:53,402&amp#27;[0;39m mybank.mutualfund.mutualfundmybank.MutualFundMyBankApplicationTests &amp#27;[33mmain&amp#27;[0;39m &amp#27;[32mStarted MutualFundMyBankApplicationTests in 3.414 seconds (process running for 4.523)
&amp#27;[0;39m]]></system-out>
    <system-err><![CDATA[WARNING: A Java agent has been loaded dynamically (C:\Users\elroy\.m2\repository\net\bytebuddy\byte-buddy-agent\1.14.19\byte-buddy-agent-1.14.19.jar)
WARNING: If a serviceability tool is in use, please run with -XX:+EnableDynamicAgentLoading to hide this warning
WARNING: If a serviceability tool is not in use, please run with -Djdk.instrument.traceUsage for more information
WARNING: Dynamic loading of agents will be disallowed by default in a future release
]]></system-err>
  </testcase>
</testsuite>